
INFO 2023-05-15 22:14:56,078 django.utils.autoreload MainThread 19512 F:\django\veereraorg\env\lib\site-packages\django\utils\autoreload.py 668 run_with_reloader 3100 Watching for file changes with StatReloader
INFO 2023-05-15 22:15:30,630 django.utils.autoreload MainThread 19512 F:\django\veereraorg\env\lib\site-packages\django\utils\autoreload.py 266 trigger_reload 3100 F:\django\veereraorg\veerera\settings\settings_database.py changed, reloading.
INFO 2023-05-15 22:15:31,390 django.utils.autoreload MainThread 4328 F:\django\veereraorg\env\lib\site-packages\django\utils\autoreload.py 668 run_with_reloader 18732 Watching for file changes with StatReloader
INFO 2023-05-15 22:16:52,317 django.utils.autoreload MainThread 4328 F:\django\veereraorg\env\lib\site-packages\django\utils\autoreload.py 266 trigger_reload 18732 F:\django\veereraorg\veerera\settings\settings_database.py changed, reloading.
INFO 2023-05-15 22:18:01,059 django.utils.autoreload MainThread 20276 F:\django\veereraorg\env\lib\site-packages\django\utils\autoreload.py 668 run_with_reloader 19848 Watching for file changes with StatReloader
INFO 2023-05-15 22:48:39,591 django.utils.autoreload MainThread 728 F:\django\veereraorg\env\lib\site-packages\django\utils\autoreload.py 668 run_with_reloader 2892 Watching for file changes with StatReloader
INFO 2023-05-15 22:49:20,913 django.server Thread-2 (process_request_thread) 11492 F:\django\veereraorg\env\lib\site-packages\django\core\servers\basehttp.py 212 log_message 2892 "GET / HTTP/1.1" 200 23830
INFO 2023-05-15 22:49:20,953 django.server Thread-2 (process_request_thread) 11492 F:\django\veereraorg\env\lib\site-packages\django\core\servers\basehttp.py 212 log_message 2892 "GET /static/style.css HTTP/1.1" 304 0
INFO 2023-05-15 22:49:20,990 django.server Thread-2 (process_request_thread) 11492 F:\django\veereraorg\env\lib\site-packages\django\core\servers\basehttp.py 212 log_message 2892 "GET /static/vendor/bootstrap/dist/css/bootstrap.min.css HTTP/1.1" 304 0
INFO 2023-05-15 22:49:21,050 django.server Thread-2 (process_request_thread) 11492 F:\django\veereraorg\env\lib\site-packages\django\core\servers\basehttp.py 212 log_message 2892 "GET /media/site_image/logo_turguise.png HTTP/1.1" 304 0
INFO 2023-05-15 22:49:21,053 django.server Thread-1 (process_request_thread) 13332 F:\django\veereraorg\env\lib\site-packages\django\core\servers\basehttp.py 212 log_message 2892 "GET /media/blog/feature_image/gigworks.jpg HTTP/1.1" 304 0
INFO 2023-05-15 22:49:21,054 django.server Thread-3 (process_request_thread) 2252 F:\django\veereraorg\env\lib\site-packages\django\core\servers\basehttp.py 212 log_message 2892 "GET /media/blog/feature_image/indemandskil.jpg HTTP/1.1" 304 0
INFO 2023-05-15 22:49:21,062 django.server Thread-4 (process_request_thread) 20140 F:\django\veereraorg\env\lib\site-packages\django\core\servers\basehttp.py 212 log_message 2892 "GET /media/blog/feature_image/resume.jpg HTTP/1.1" 304 0
INFO 2023-05-15 22:49:21,067 django.server Thread-5 (process_request_thread) 4132 F:\django\veereraorg\env\lib\site-packages\django\core\servers\basehttp.py 212 log_message 2892 "GET /media/blog/feature_image/crossborder.jpg HTTP/1.1" 304 0
INFO 2023-05-15 22:49:21,076 django.server Thread-4 (process_request_thread) 20140 F:\django\veereraorg\env\lib\site-packages\django\core\servers\basehttp.py 212 log_message 2892 "GET /media/blog/feature_image/remote_work.jpg HTTP/1.1" 304 0
INFO 2023-05-15 22:49:21,094 django.server Thread-4 (process_request_thread) 20140 F:\django\veereraorg\env\lib\site-packages\django\core\servers\basehttp.py 212 log_message 2892 "GET /media/blog/feature_image/succe.jpg HTTP/1.1" 304 0
INFO 2023-05-15 22:49:21,095 django.server Thread-1 (process_request_thread) 13332 F:\django\veereraorg\env\lib\site-packages\django\core\servers\basehttp.py 212 log_message 2892 "GET /media/blog/feature_image/emerging_market.jpg HTTP/1.1" 304 0
INFO 2023-05-15 22:49:21,095 django.server Thread-2 (process_request_thread) 11492 F:\django\veereraorg\env\lib\site-packages\django\core\servers\basehttp.py 212 log_message 2892 "GET /media/blog/feature_image/finandvisaspon.jpg HTTP/1.1" 304 0
INFO 2023-05-15 22:49:21,095 django.server Thread-5 (process_request_thread) 4132 F:\django\veereraorg\env\lib\site-packages\django\core\servers\basehttp.py 212 log_message 2892 "GET /media/blog/feature_image/jgbbs.jpg HTTP/1.1" 304 0
INFO 2023-05-15 22:49:21,101 django.server Thread-3 (process_request_thread) 2252 F:\django\veereraorg\env\lib\site-packages\django\core\servers\basehttp.py 212 log_message 2892 "GET /media/blog/feature_image/stdnjb.jpg HTTP/1.1" 304 0
INFO 2023-05-15 22:49:21,102 django.server Thread-6 (process_request_thread) 13412 F:\django\veereraorg\env\lib\site-packages\django\core\servers\basehttp.py 212 log_message 2892 "GET /media/site_image/svg_logo.svg HTTP/1.1" 304 0
INFO 2023-05-15 22:50:29,111 django.utils.autoreload MainThread 728 F:\django\veereraorg\env\lib\site-packages\django\utils\autoreload.py 266 trigger_reload 2892 F:\django\veereraorg\veerera\settings\settings_database.py changed, reloading.
INFO 2023-05-15 22:50:29,729 django.utils.autoreload MainThread 11424 F:\django\veereraorg\env\lib\site-packages\django\utils\autoreload.py 668 run_with_reloader 15552 Watching for file changes with StatReloader
INFO 2023-05-15 22:51:01,221 django.utils.autoreload MainThread 11424 F:\django\veereraorg\env\lib\site-packages\django\utils\autoreload.py 266 trigger_reload 15552 F:\django\veereraorg\veerera\settings\settings_database.py changed, reloading.
INFO 2023-05-15 22:51:01,836 django.utils.autoreload MainThread 17948 F:\django\veereraorg\env\lib\site-packages\django\utils\autoreload.py 668 run_with_reloader 17716 Watching for file changes with StatReloader
